# JRE version: OpenJDK Runtime Environment (8.0_162-b12) (build 1.8.0_162-8u162-b12-0ubuntu0.16.04.2-b12)
# Java VM: OpenJDK 64-Bit Server VM (25.162-b12 mixed mode linux-amd64 compressed oops)
Heap:
 PSYoungGen      total 124928K, used 3560K [0x00000000eb700000, 0x00000000f3880000, 0x0000000100000000)
  eden space 121344K, 0% used [0x00000000eb700000,0x00000000eb700000,0x00000000f2d80000)
  from space 3584K, 99% used [0x00000000f3500000,0x00000000f387a278,0x00000000f3880000)
  to   space 2560K, 0% used [0x00000000f3280000,0x00000000f3280000,0x00000000f3500000)
 ParOldGen       total 42496K, used 27580K [0x00000000c2400000, 0x00000000c4d80000, 0x00000000eb700000)
  object space 42496K, 64% used [0x00000000c2400000,0x00000000c3eef3e0,0x00000000c4d80000)
 Metaspace       used 15228K, capacity 15834K, committed 16000K, reserved 1062912K
  class space    used 1961K, capacity 2125K, committed 2176K, reserved 1048576K
GC Heap History (10 events):
Event: 2.237 GC heap after
Heap after GC invocations=5 (full 0):
 PSYoungGen      total 34304K, used 2560K [0x00000000eb700000, 0x00000000eff00000, 0x0000000100000000)
  eden space 31744K, 0% used [0x00000000eb700000,0x00000000eb700000,0x00000000ed600000)
  from space 2560K, 100% used [0x00000000ed600000,0x00000000ed880000,0x00000000ed880000)
  to   space 5120K, 0% used [0x00000000efa00000,0x00000000efa00000,0x00000000eff00000)
 ParOldGen       total 42496K, used 3331K [0x00000000c2400000, 0x00000000c4d80000, 0x00000000eb700000)
  object space 42496K, 7% used [0x00000000c2400000,0x00000000c2740d10,0x00000000c4d80000)
 Metaspace       used 10559K, capacity 10966K, committed 11264K, reserved 1058816K
  class space    used 1372K, capacity 1511K, committed 1536K, reserved 1048576K
}
Event: 2.399 GC heap before
{Heap before GC invocations=6 (full 0):
 PSYoungGen      total 34304K, used 33735K [0x00000000eb700000, 0x00000000eff00000, 0x0000000100000000)
  eden space 31744K, 98% used [0x00000000eb700000,0x00000000ed571f18,0x00000000ed600000)
  from space 2560K, 100% used [0x00000000ed600000,0x00000000ed880000,0x00000000ed880000)
  to   space 5120K, 0% used [0x00000000efa00000,0x00000000efa00000,0x00000000eff00000)
 ParOldGen       total 42496K, used 3331K [0x00000000c2400000, 0x00000000c4d80000, 0x00000000eb700000)
  object space 42496K, 7% used [0x00000000c2400000,0x00000000c2740d10,0x00000000c4d80000)
 Metaspace       used 10571K, capacity 10970K, committed 11264K, reserved 1058816K
  class space    used 1372K, capacity 1511K, committed 1536K, reserved 1048576K
Event: 2.401 GC heap after
Heap after GC invocations=6 (full 0):
 PSYoungGen      total 68608K, used 2688K [0x00000000eb700000, 0x00000000eff00000, 0x0000000100000000)
  eden space 63488K, 0% used [0x00000000eb700000,0x00000000eb700000,0x00000000ef500000)
  from space 5120K, 52% used [0x00000000efa00000,0x00000000efca0000,0x00000000eff00000)
  to   space 5120K, 0% used [0x00000000ef500000,0x00000000ef500000,0x00000000efa00000)
 ParOldGen       total 42496K, used 3339K [0x00000000c2400000, 0x00000000c4d80000, 0x00000000eb700000)
  object space 42496K, 7% used [0x00000000c2400000,0x00000000c2742d10,0x00000000c4d80000)
 Metaspace       used 10571K, capacity 10970K, committed 11264K, reserved 1058816K
  class space    used 1372K, capacity 1511K, committed 1536K, reserved 1048576K
}
Event: 2.744 GC heap before
{Heap before GC invocations=7 (full 0):
 PSYoungGen      total 68608K, used 64942K [0x00000000eb700000, 0x00000000eff00000, 0x0000000100000000)
  eden space 63488K, 98% used [0x00000000eb700000,0x00000000ef3cba00,0x00000000ef500000)
  from space 5120K, 52% used [0x00000000efa00000,0x00000000efca0000,0x00000000eff00000)
  to   space 5120K, 0% used [0x00000000ef500000,0x00000000ef500000,0x00000000efa00000)
 ParOldGen       total 42496K, used 3339K [0x00000000c2400000, 0x00000000c4d80000, 0x00000000eb700000)
  object space 42496K, 7% used [0x00000000c2400000,0x00000000c2742d10,0x00000000c4d80000)
 Metaspace       used 10625K, capacity 11034K, committed 11264K, reserved 1058816K
  class space    used 1372K, capacity 1511K, committed 1536K, reserved 1048576K
Event: 2.748 GC heap after
Heap after GC invocations=7 (full 0):
 PSYoungGen      total 68608K, used 608K [0x00000000eb700000, 0x00000000f3d00000, 0x0000000100000000)
  eden space 63488K, 0% used [0x00000000eb700000,0x00000000eb700000,0x00000000ef500000)
  from space 5120K, 11% used [0x00000000ef500000,0x00000000ef598000,0x00000000efa00000)
  to   space 5120K, 0% used [0x00000000f3800000,0x00000000f3800000,0x00000000f3d00000)
 ParOldGen       total 42496K, used 5668K [0x00000000c2400000, 0x00000000c4d80000, 0x00000000eb700000)
  object space 42496K, 13% used [0x00000000c2400000,0x00000000c2989188,0x00000000c4d80000)
 Metaspace       used 10625K, capacity 11034K, committed 11264K, reserved 1058816K
  class space    used 1372K, capacity 1511K, committed 1536K, reserved 1048576K
}
Event: 3.035 GC heap before
{Heap before GC invocations=8 (full 0):
 PSYoungGen      total 68608K, used 63516K [0x00000000eb700000, 0x00000000f3d00000, 0x0000000100000000)
  eden space 63488K, 99% used [0x00000000eb700000,0x00000000ef46f020,0x00000000ef500000)
  from space 5120K, 11% used [0x00000000ef500000,0x00000000ef598000,0x00000000efa00000)
  to   space 5120K, 0% used [0x00000000f3800000,0x00000000f3800000,0x00000000f3d00000)
 ParOldGen       total 42496K, used 5668K [0x00000000c2400000, 0x00000000c4d80000, 0x00000000eb700000)
  object space 42496K, 13% used [0x00000000c2400000,0x00000000c2989188,0x00000000c4d80000)
 Metaspace       used 10640K, capacity 11034K, committed 11264K, reserved 1058816K
  class space    used 1373K, capacity 1511K, committed 1536K, reserved 1048576K
Event: 3.036 GC heap after
Heap after GC invocations=8 (full 0):
 PSYoungGen      total 131584K, used 736K [0x00000000eb700000, 0x00000000f3e00000, 0x0000000100000000)
  eden space 126464K, 0% used [0x00000000eb700000,0x00000000eb700000,0x00000000f3280000)
  from space 5120K, 14% used [0x00000000f3800000,0x00000000f38b8000,0x00000000f3d00000)
  to   space 5632K, 0% used [0x00000000f3280000,0x00000000f3280000,0x00000000f3800000)
 ParOldGen       total 42496K, used 5764K [0x00000000c2400000, 0x00000000c4d80000, 0x00000000eb700000)
  object space 42496K, 13% used [0x00000000c2400000,0x00000000c29a1188,0x00000000c4d80000)
 Metaspace       used 10640K, capacity 11034K, committed 11264K, reserved 1058816K
  class space    used 1373K, capacity 1511K, committed 1536K, reserved 1048576K
}
Event: 4.802 GC heap before
{Heap before GC invocations=9 (full 0):
 PSYoungGen      total 131584K, used 127200K [0x00000000eb700000, 0x00000000f3e00000, 0x0000000100000000)
  eden space 126464K, 100% used [0x00000000eb700000,0x00000000f3280000,0x00000000f3280000)
  from space 5120K, 14% used [0x00000000f3800000,0x00000000f38b8000,0x00000000f3d00000)
  to   space 5632K, 0% used [0x00000000f3280000,0x00000000f3280000,0x00000000f3800000)
 ParOldGen       total 42496K, used 5764K [0x00000000c2400000, 0x00000000c4d80000, 0x00000000eb700000)
  object space 42496K, 13% used [0x00000000c2400000,0x00000000c29a1188,0x00000000c4d80000)
 Metaspace       used 13195K, capacity 13728K, committed 13952K, reserved 1060864K
  class space    used 1712K, capacity 1866K, committed 1920K, reserved 1048576K
Event: 4.805 GC heap after
Heap after GC invocations=9 (full 0):
 PSYoungGen      total 123904K, used 2558K [0x00000000eb700000, 0x00000000f3880000, 0x0000000100000000)
  eden space 121344K, 0% used [0x00000000eb700000,0x00000000eb700000,0x00000000f2d80000)
  from space 2560K, 99% used [0x00000000f3280000,0x00000000f34ff860,0x00000000f3500000)
  to   space 3584K, 0% used [0x00000000f3500000,0x00000000f3500000,0x00000000f3880000)
 ParOldGen       total 42496K, used 5980K [0x00000000c2400000, 0x00000000c4d80000, 0x00000000eb700000)
  object space 42496K, 14% used [0x00000000c2400000,0x00000000c29d7188,0x00000000c4d80000)
 Metaspace       used 13195K, capacity 13728K, committed 13952K, reserved 1060864K
  class space    used 1712K, capacity 1866K, committed 1920K, reserved 1048576K
}
Event: 5.690 GC heap before
{Heap before GC invocations=10 (full 0):
 PSYoungGen      total 123904K, used 123902K [0x00000000eb700000, 0x00000000f3880000, 0x0000000100000000)
  eden space 121344K, 100% used [0x00000000eb700000,0x00000000f2d80000,0x00000000f2d80000)
  from space 2560K, 99% used [0x00000000f3280000,0x00000000f34ff860,0x00000000f3500000)
  to   space 3584K, 0% used [0x00000000f3500000,0x00000000f3500000,0x00000000f3880000)
 ParOldGen       total 42496K, used 5980K [0x00000000c2400000, 0x00000000c4d80000, 0x00000000eb700000)
  object space 42496K, 14% used [0x00000000c2400000,0x00000000c29d7188,0x00000000c4d80000)
 Metaspace       used 15228K, capacity 15834K, committed 16000K, reserved 1062912K
  class space    used 1961K, capacity 2125K, committed 2176K, reserved 1048576K

