# JRE version: OpenJDK Runtime Environment (8.0_162-b12) (build 1.8.0_162-8u162-b12-0ubuntu0.16.04.2-b12)
# Java VM: OpenJDK 64-Bit Server VM (25.162-b12 mixed mode linux-amd64 compressed oops)
Heap:
 PSYoungGen      total 208384K, used 3904K [0x00000000eb700000, 0x00000000f9280000, 0x0000000100000000)
  eden space 197632K, 0% used [0x00000000eb700000,0x00000000eb700000,0x00000000f7800000)
  from space 10752K, 36% used [0x00000000f7800000,0x00000000f7bd0010,0x00000000f8280000)
  to   space 5120K, 0% used [0x00000000f8280000,0x00000000f8280000,0x00000000f8780000)
 ParOldGen       total 42496K, used 24479K [0x00000000c2400000, 0x00000000c4d80000, 0x00000000eb700000)
  object space 42496K, 57% used [0x00000000c2400000,0x00000000c3be7c18,0x00000000c4d80000)
 Metaspace       used 15646K, capacity 16250K, committed 16512K, reserved 1062912K
  class space    used 1973K, capacity 2129K, committed 2176K, reserved 1048576K
GC Heap History (10 events):
Event: 2.197 GC heap after
Heap after GC invocations=6 (full 0):
 PSYoungGen      total 68096K, used 1936K [0x00000000eb700000, 0x00000000efe00000, 0x0000000100000000)
  eden space 63488K, 0% used [0x00000000eb700000,0x00000000eb700000,0x00000000ef500000)
  from space 4608K, 42% used [0x00000000ef980000,0x00000000efb64010,0x00000000efe00000)
  to   space 4608K, 0% used [0x00000000ef500000,0x00000000ef500000,0x00000000ef980000)
 ParOldGen       total 42496K, used 1812K [0x00000000c2400000, 0x00000000c4d80000, 0x00000000eb700000)
  object space 42496K, 4% used [0x00000000c2400000,0x00000000c25c53f0,0x00000000c4d80000)
 Metaspace       used 9949K, capacity 10286K, committed 10368K, reserved 1058816K
  class space    used 1273K, capacity 1373K, committed 1408K, reserved 1048576K
}
Event: 2.996 GC heap before
{Heap before GC invocations=7 (full 0):
 PSYoungGen      total 68096K, used 64157K [0x00000000eb700000, 0x00000000efe00000, 0x0000000100000000)
  eden space 63488K, 98% used [0x00000000eb700000,0x00000000ef3c36b8,0x00000000ef500000)
  from space 4608K, 42% used [0x00000000ef980000,0x00000000efb64010,0x00000000efe00000)
  to   space 4608K, 0% used [0x00000000ef500000,0x00000000ef500000,0x00000000ef980000)
 ParOldGen       total 42496K, used 1812K [0x00000000c2400000, 0x00000000c4d80000, 0x00000000eb700000)
  object space 42496K, 4% used [0x00000000c2400000,0x00000000c25c53f0,0x00000000c4d80000)
 Metaspace       used 10063K, capacity 10418K, committed 10624K, reserved 1058816K
  class space    used 1273K, capacity 1373K, committed 1408K, reserved 1048576K
Event: 3.011 GC heap after
Heap after GC invocations=7 (full 0):
 PSYoungGen      total 68096K, used 576K [0x00000000eb700000, 0x00000000f3c00000, 0x0000000100000000)
  eden space 63488K, 0% used [0x00000000eb700000,0x00000000eb700000,0x00000000ef500000)
  from space 4608K, 12% used [0x00000000ef500000,0x00000000ef590000,0x00000000ef980000)
  to   space 4608K, 0% used [0x00000000f3780000,0x00000000f3780000,0x00000000f3c00000)
 ParOldGen       total 42496K, used 3399K [0x00000000c2400000, 0x00000000c4d80000, 0x00000000eb700000)
  object space 42496K, 7% used [0x00000000c2400000,0x00000000c2751c80,0x00000000c4d80000)
 Metaspace       used 10063K, capacity 10418K, committed 10624K, reserved 1058816K
  class space    used 1273K, capacity 1373K, committed 1408K, reserved 1048576K
}
Event: 3.776 GC heap before
{Heap before GC invocations=8 (full 0):
 PSYoungGen      total 68096K, used 63418K [0x00000000eb700000, 0x00000000f3c00000, 0x0000000100000000)
  eden space 63488K, 98% used [0x00000000eb700000,0x00000000ef45ea00,0x00000000ef500000)
  from space 4608K, 12% used [0x00000000ef500000,0x00000000ef590000,0x00000000ef980000)
  to   space 4608K, 0% used [0x00000000f3780000,0x00000000f3780000,0x00000000f3c00000)
 ParOldGen       total 42496K, used 3399K [0x00000000c2400000, 0x00000000c4d80000, 0x00000000eb700000)
  object space 42496K, 7% used [0x00000000c2400000,0x00000000c2751c80,0x00000000c4d80000)
 Metaspace       used 10087K, capacity 10418K, committed 10624K, reserved 1058816K
  class space    used 1274K, capacity 1373K, committed 1408K, reserved 1048576K
Event: 3.780 GC heap after
Heap after GC invocations=8 (full 0):
 PSYoungGen      total 131584K, used 672K [0x00000000eb700000, 0x00000000f3c00000, 0x0000000100000000)
  eden space 126976K, 0% used [0x00000000eb700000,0x00000000eb700000,0x00000000f3300000)
  from space 4608K, 14% used [0x00000000f3780000,0x00000000f3828000,0x00000000f3c00000)
  to   space 4608K, 0% used [0x00000000f3300000,0x00000000f3300000,0x00000000f3780000)
 ParOldGen       total 42496K, used 3503K [0x00000000c2400000, 0x00000000c4d80000, 0x00000000eb700000)
  object space 42496K, 8% used [0x00000000c2400000,0x00000000c276bc80,0x00000000c4d80000)
 Metaspace       used 10087K, capacity 10418K, committed 10624K, reserved 1058816K
  class space    used 1274K, capacity 1373K, committed 1408K, reserved 1048576K
}
Event: 5.047 GC heap before
{Heap before GC invocations=9 (full 0):
 PSYoungGen      total 131584K, used 127648K [0x00000000eb700000, 0x00000000f3c00000, 0x0000000100000000)
  eden space 126976K, 100% used [0x00000000eb700000,0x00000000f3300000,0x00000000f3300000)
  from space 4608K, 14% used [0x00000000f3780000,0x00000000f3828000,0x00000000f3c00000)
  to   space 4608K, 0% used [0x00000000f3300000,0x00000000f3300000,0x00000000f3780000)
 ParOldGen       total 42496K, used 3503K [0x00000000c2400000, 0x00000000c4d80000, 0x00000000eb700000)
  object space 42496K, 8% used [0x00000000c2400000,0x00000000c276bc80,0x00000000c4d80000)
 Metaspace       used 13163K, capacity 13664K, committed 13952K, reserved 1060864K
  class space    used 1714K, capacity 1866K, committed 1920K, reserved 1048576K
Event: 5.051 GC heap after
Heap after GC invocations=9 (full 0):
 PSYoungGen      total 131584K, used 3707K [0x00000000eb700000, 0x00000000f8780000, 0x0000000100000000)
  eden space 126976K, 0% used [0x00000000eb700000,0x00000000eb700000,0x00000000f3300000)
  from space 4608K, 80% used [0x00000000f3300000,0x00000000f369edd8,0x00000000f3780000)
  to   space 5120K, 0% used [0x00000000f8280000,0x00000000f8280000,0x00000000f8780000)
 ParOldGen       total 42496K, used 3711K [0x00000000c2400000, 0x00000000c4d80000, 0x00000000eb700000)
  object space 42496K, 8% used [0x00000000c2400000,0x00000000c279fc80,0x00000000c4d80000)
 Metaspace       used 13163K, capacity 13664K, committed 13952K, reserved 1060864K
  class space    used 1714K, capacity 1866K, committed 1920K, reserved 1048576K
}
Event: 6.062 GC heap before
{Heap before GC invocations=10 (full 0):
 PSYoungGen      total 131584K, used 130683K [0x00000000eb700000, 0x00000000f8780000, 0x0000000100000000)
  eden space 126976K, 100% used [0x00000000eb700000,0x00000000f3300000,0x00000000f3300000)
  from space 4608K, 80% used [0x00000000f3300000,0x00000000f369edd8,0x00000000f3780000)
  to   space 5120K, 0% used [0x00000000f8280000,0x00000000f8280000,0x00000000f8780000)
 ParOldGen       total 42496K, used 3711K [0x00000000c2400000, 0x00000000c4d80000, 0x00000000eb700000)
  object space 42496K, 8% used [0x00000000c2400000,0x00000000c279fc80,0x00000000c4d80000)
 Metaspace       used 15177K, capacity 15830K, committed 16000K, reserved 1062912K
  class space    used 1962K, capacity 2125K, committed 2176K, reserved 1048576K
Event: 6.078 GC heap after
Heap after GC invocations=10 (full 0):
 PSYoungGen      total 202752K, used 5092K [0x00000000eb700000, 0x00000000f9280000, 0x0000000100000000)
  eden space 197632K, 0% used [0x00000000eb700000,0x00000000eb700000,0x00000000f7800000)
  from space 5120K, 99% used [0x00000000f8280000,0x00000000f8779140,0x00000000f8780000)
  to   space 10752K, 0% used [0x00000000f7800000,0x00000000f7800000,0x00000000f8280000)
 ParOldGen       total 42496K, used 16302K [0x00000000c2400000, 0x00000000c4d80000, 0x00000000eb700000)
  object space 42496K, 38% used [0x00000000c2400000,0x00000000c33eba00,0x00000000c4d80000)
 Metaspace       used 15177K, capacity 15830K, committed 16000K, reserved 1062912K
  class space    used 1962K, capacity 2125K, committed 2176K, reserved 1048576K
}
Event: 8.874 GC heap before
{Heap before GC invocations=11 (full 0):
 PSYoungGen      total 202752K, used 202724K [0x00000000eb700000, 0x00000000f9280000, 0x0000000100000000)
  eden space 197632K, 100% used [0x00000000eb700000,0x00000000f7800000,0x00000000f7800000)
  from space 5120K, 99% used [0x00000000f8280000,0x00000000f8779140,0x00000000f8780000)
  to   space 10752K, 0% used [0x00000000f7800000,0x00000000f7800000,0x00000000f8280000)
 ParOldGen       total 42496K, used 16302K [0x00000000c2400000, 0x00000000c4d80000, 0x00000000eb700000)
  object space 42496K, 38% used [0x00000000c2400000,0x00000000c33eba00,0x00000000c4d80000)
 Metaspace       used 15646K, capacity 16250K, committed 16512K, reserved 1062912K
  class space    used 1973K, capacity 2129K, committed 2176K, reserved 1048576K

