# JRE version: OpenJDK Runtime Environment (8.0_162-b12) (build 1.8.0_162-8u162-b12-0ubuntu0.16.04.2-b12)
# Java VM: OpenJDK 64-Bit Server VM (25.162-b12 mixed mode linux-amd64 compressed oops)
Heap:
 PSYoungGen      total 207872K, used 3840K [0x00000000eb700000, 0x00000000f9700000, 0x0000000100000000)
  eden space 194560K, 0% used [0x00000000eb700000,0x00000000eb700000,0x00000000f7500000)
  from space 13312K, 28% used [0x00000000f7500000,0x00000000f78c0010,0x00000000f8200000)
  to   space 5120K, 0% used [0x00000000f8200000,0x00000000f8200000,0x00000000f8700000)
 ParOldGen       total 42496K, used 31123K [0x00000000c2400000, 0x00000000c4d80000, 0x00000000eb700000)
  object space 42496K, 73% used [0x00000000c2400000,0x00000000c4264c48,0x00000000c4d80000)
 Metaspace       used 15664K, capacity 16314K, committed 16512K, reserved 1062912K
  class space    used 1970K, capacity 2129K, committed 2176K, reserved 1048576K
GC Heap History (10 events):
Event: 2.557 GC heap after
Heap after GC invocations=6 (full 0):
 PSYoungGen      total 68608K, used 2688K [0x00000000eb700000, 0x00000000eff00000, 0x0000000100000000)
  eden space 63488K, 0% used [0x00000000eb700000,0x00000000eb700000,0x00000000ef500000)
  from space 5120K, 52% used [0x00000000efa00000,0x00000000efca0020,0x00000000eff00000)
  to   space 5120K, 0% used [0x00000000ef500000,0x00000000ef500000,0x00000000efa00000)
 ParOldGen       total 42496K, used 3362K [0x00000000c2400000, 0x00000000c4d80000, 0x00000000eb700000)
  object space 42496K, 7% used [0x00000000c2400000,0x00000000c2748ac0,0x00000000c4d80000)
 Metaspace       used 10563K, capacity 10970K, committed 11264K, reserved 1058816K
  class space    used 1372K, capacity 1511K, committed 1536K, reserved 1048576K
}
Event: 2.924 GC heap before
{Heap before GC invocations=7 (full 0):
 PSYoungGen      total 68608K, used 64942K [0x00000000eb700000, 0x00000000eff00000, 0x0000000100000000)
  eden space 63488K, 98% used [0x00000000eb700000,0x00000000ef3cba00,0x00000000ef500000)
  from space 5120K, 52% used [0x00000000efa00000,0x00000000efca0020,0x00000000eff00000)
  to   space 5120K, 0% used [0x00000000ef500000,0x00000000ef500000,0x00000000efa00000)
 ParOldGen       total 42496K, used 3362K [0x00000000c2400000, 0x00000000c4d80000, 0x00000000eb700000)
  object space 42496K, 7% used [0x00000000c2400000,0x00000000c2748ac0,0x00000000c4d80000)
 Metaspace       used 10654K, capacity 11034K, committed 11264K, reserved 1058816K
  class space    used 1372K, capacity 1511K, committed 1536K, reserved 1048576K
Event: 2.927 GC heap after
Heap after GC invocations=7 (full 0):
 PSYoungGen      total 68608K, used 608K [0x00000000eb700000, 0x00000000f3d00000, 0x0000000100000000)
  eden space 63488K, 0% used [0x00000000eb700000,0x00000000eb700000,0x00000000ef500000)
  from space 5120K, 11% used [0x00000000ef500000,0x00000000ef598000,0x00000000efa00000)
  to   space 5120K, 0% used [0x00000000f3800000,0x00000000f3800000,0x00000000f3d00000)
 ParOldGen       total 42496K, used 5686K [0x00000000c2400000, 0x00000000c4d80000, 0x00000000eb700000)
  object space 42496K, 13% used [0x00000000c2400000,0x00000000c298db30,0x00000000c4d80000)
 Metaspace       used 10654K, capacity 11034K, committed 11264K, reserved 1058816K
  class space    used 1372K, capacity 1511K, committed 1536K, reserved 1048576K
}
Event: 3.195 GC heap before
{Heap before GC invocations=8 (full 0):
 PSYoungGen      total 68608K, used 63507K [0x00000000eb700000, 0x00000000f3d00000, 0x0000000100000000)
  eden space 63488K, 99% used [0x00000000eb700000,0x00000000ef46cfb8,0x00000000ef500000)
  from space 5120K, 11% used [0x00000000ef500000,0x00000000ef598000,0x00000000efa00000)
  to   space 5120K, 0% used [0x00000000f3800000,0x00000000f3800000,0x00000000f3d00000)
 ParOldGen       total 42496K, used 5686K [0x00000000c2400000, 0x00000000c4d80000, 0x00000000eb700000)
  object space 42496K, 13% used [0x00000000c2400000,0x00000000c298db30,0x00000000c4d80000)
 Metaspace       used 10670K, capacity 11034K, committed 11264K, reserved 1058816K
  class space    used 1373K, capacity 1511K, committed 1536K, reserved 1048576K
Event: 3.196 GC heap after
Heap after GC invocations=8 (full 0):
 PSYoungGen      total 131584K, used 704K [0x00000000eb700000, 0x00000000f3e00000, 0x0000000100000000)
  eden space 126464K, 0% used [0x00000000eb700000,0x00000000eb700000,0x00000000f3280000)
  from space 5120K, 13% used [0x00000000f3800000,0x00000000f38b0000,0x00000000f3d00000)
  to   space 5632K, 0% used [0x00000000f3280000,0x00000000f3280000,0x00000000f3800000)
 ParOldGen       total 42496K, used 5782K [0x00000000c2400000, 0x00000000c4d80000, 0x00000000eb700000)
  object space 42496K, 13% used [0x00000000c2400000,0x00000000c29a5b30,0x00000000c4d80000)
 Metaspace       used 10670K, capacity 11034K, committed 11264K, reserved 1058816K
  class space    used 1373K, capacity 1511K, committed 1536K, reserved 1048576K
}
Event: 4.060 GC heap before
{Heap before GC invocations=9 (full 0):
 PSYoungGen      total 131584K, used 127168K [0x00000000eb700000, 0x00000000f3e00000, 0x0000000100000000)
  eden space 126464K, 100% used [0x00000000eb700000,0x00000000f3280000,0x00000000f3280000)
  from space 5120K, 13% used [0x00000000f3800000,0x00000000f38b0000,0x00000000f3d00000)
  to   space 5632K, 0% used [0x00000000f3280000,0x00000000f3280000,0x00000000f3800000)
 ParOldGen       total 42496K, used 5783K [0x00000000c2400000, 0x00000000c4d80000, 0x00000000eb700000)
  object space 42496K, 13% used [0x00000000c2400000,0x00000000c29a5d68,0x00000000c4d80000)
 Metaspace       used 13251K, capacity 13740K, committed 13952K, reserved 1060864K
  class space    used 1721K, capacity 1868K, committed 1920K, reserved 1048576K
Event: 4.063 GC heap after
Heap after GC invocations=9 (full 0):
 PSYoungGen      total 132096K, used 2634K [0x00000000eb700000, 0x00000000f8700000, 0x0000000100000000)
  eden space 126464K, 0% used [0x00000000eb700000,0x00000000eb700000,0x00000000f3280000)
  from space 5632K, 46% used [0x00000000f3280000,0x00000000f3512a60,0x00000000f3800000)
  to   space 5120K, 0% used [0x00000000f8200000,0x00000000f8200000,0x00000000f8700000)
 ParOldGen       total 42496K, used 5999K [0x00000000c2400000, 0x00000000c4d80000, 0x00000000eb700000)
  object space 42496K, 14% used [0x00000000c2400000,0x00000000c29dbd68,0x00000000c4d80000)
 Metaspace       used 13251K, capacity 13740K, committed 13952K, reserved 1060864K
  class space    used 1721K, capacity 1868K, committed 1920K, reserved 1048576K
}
Event: 5.175 GC heap before
{Heap before GC invocations=10 (full 0):
 PSYoungGen      total 132096K, used 129098K [0x00000000eb700000, 0x00000000f8700000, 0x0000000100000000)
  eden space 126464K, 100% used [0x00000000eb700000,0x00000000f3280000,0x00000000f3280000)
  from space 5632K, 46% used [0x00000000f3280000,0x00000000f3512a60,0x00000000f3800000)
  to   space 5120K, 0% used [0x00000000f8200000,0x00000000f8200000,0x00000000f8700000)
 ParOldGen       total 42496K, used 6003K [0x00000000c2400000, 0x00000000c4d80000, 0x00000000eb700000)
  object space 42496K, 14% used [0x00000000c2400000,0x00000000c29dcc40,0x00000000c4d80000)
 Metaspace       used 15232K, capacity 15834K, committed 16000K, reserved 1062912K
  class space    used 1960K, capacity 2125K, committed 2176K, reserved 1048576K
Event: 5.207 GC heap after
Heap after GC invocations=10 (full 0):
 PSYoungGen      total 199680K, used 5092K [0x00000000eb700000, 0x00000000f9700000, 0x0000000100000000)
  eden space 194560K, 0% used [0x00000000eb700000,0x00000000eb700000,0x00000000f7500000)
  from space 5120K, 99% used [0x00000000f8200000,0x00000000f86f9158,0x00000000f8700000)
  to   space 13312K, 0% used [0x00000000f7500000,0x00000000f7500000,0x00000000f8200000)
 ParOldGen       total 42496K, used 26016K [0x00000000c2400000, 0x00000000c4d80000, 0x00000000eb700000)
  object space 42496K, 61% used [0x00000000c2400000,0x00000000c3d68218,0x00000000c4d80000)
 Metaspace       used 15232K, capacity 15834K, committed 16000K, reserved 1062912K
  class space    used 1960K, capacity 2125K, committed 2176K, reserved 1048576K
}
Event: 8.966 GC heap before
{Heap before GC invocations=11 (full 0):
 PSYoungGen      total 199680K, used 199652K [0x00000000eb700000, 0x00000000f9700000, 0x0000000100000000)
  eden space 194560K, 100% used [0x00000000eb700000,0x00000000f7500000,0x00000000f7500000)
  from space 5120K, 99% used [0x00000000f8200000,0x00000000f86f9158,0x00000000f8700000)
  to   space 13312K, 0% used [0x00000000f7500000,0x00000000f7500000,0x00000000f8200000)
 ParOldGen       total 42496K, used 26016K [0x00000000c2400000, 0x00000000c4d80000, 0x00000000eb700000)
  object space 42496K, 61% used [0x00000000c2400000,0x00000000c3d68218,0x00000000c4d80000)
 Metaspace       used 15664K, capacity 16314K, committed 16512K, reserved 1062912K
  class space    used 1970K, capacity 2129K, committed 2176K, reserved 1048576K

