# JRE version: OpenJDK Runtime Environment (8.0_162-b12) (build 1.8.0_162-8u162-b12-0ubuntu0.16.04.2-b12)
# Java VM: OpenJDK 64-Bit Server VM (25.162-b12 mixed mode linux-amd64 compressed oops)
Heap:
 PSYoungGen      total 207872K, used 4032K [0x00000000eb700000, 0x00000000f9100000, 0x0000000100000000)
  eden space 197632K, 0% used [0x00000000eb700000,0x00000000eb700000,0x00000000f7800000)
  from space 10240K, 39% used [0x00000000f7800000,0x00000000f7bf0010,0x00000000f8200000)
  to   space 5120K, 0% used [0x00000000f8200000,0x00000000f8200000,0x00000000f8700000)
 ParOldGen       total 42496K, used 26289K [0x00000000c2400000, 0x00000000c4d80000, 0x00000000eb700000)
  object space 42496K, 61% used [0x00000000c2400000,0x00000000c3dac4a8,0x00000000c4d80000)
 Metaspace       used 15871K, capacity 16506K, committed 16768K, reserved 1064960K
  class space    used 1971K, capacity 2129K, committed 2176K, reserved 1048576K
GC Heap History (10 events):
Event: 3.185 GC heap after
Heap after GC invocations=6 (full 0):
 PSYoungGen      total 68608K, used 2656K [0x00000000eb700000, 0x00000000eff00000, 0x0000000100000000)
  eden space 63488K, 0% used [0x00000000eb700000,0x00000000eb700000,0x00000000ef500000)
  from space 5120K, 51% used [0x00000000efa00000,0x00000000efc98020,0x00000000eff00000)
  to   space 5120K, 0% used [0x00000000ef500000,0x00000000ef500000,0x00000000efa00000)
 ParOldGen       total 42496K, used 3400K [0x00000000c2400000, 0x00000000c4d80000, 0x00000000eb700000)
  object space 42496K, 8% used [0x00000000c2400000,0x00000000c27520d8,0x00000000c4d80000)
 Metaspace       used 10555K, capacity 10970K, committed 11264K, reserved 1058816K
  class space    used 1372K, capacity 1511K, committed 1536K, reserved 1048576K
}
Event: 3.622 GC heap before
{Heap before GC invocations=7 (full 0):
 PSYoungGen      total 68608K, used 64848K [0x00000000eb700000, 0x00000000eff00000, 0x0000000100000000)
  eden space 63488K, 97% used [0x00000000eb700000,0x00000000ef3bc0f8,0x00000000ef500000)
  from space 5120K, 51% used [0x00000000efa00000,0x00000000efc98020,0x00000000eff00000)
  to   space 5120K, 0% used [0x00000000ef500000,0x00000000ef500000,0x00000000efa00000)
 ParOldGen       total 42496K, used 3400K [0x00000000c2400000, 0x00000000c4d80000, 0x00000000eb700000)
  object space 42496K, 8% used [0x00000000c2400000,0x00000000c27520d8,0x00000000c4d80000)
 Metaspace       used 10640K, capacity 11034K, committed 11264K, reserved 1058816K
  class space    used 1372K, capacity 1511K, committed 1536K, reserved 1048576K
Event: 3.626 GC heap after
Heap after GC invocations=7 (full 0):
 PSYoungGen      total 68608K, used 608K [0x00000000eb700000, 0x00000000f3d00000, 0x0000000100000000)
  eden space 63488K, 0% used [0x00000000eb700000,0x00000000eb700000,0x00000000ef500000)
  from space 5120K, 11% used [0x00000000ef500000,0x00000000ef598000,0x00000000efa00000)
  to   space 5120K, 0% used [0x00000000f3800000,0x00000000f3800000,0x00000000f3d00000)
 ParOldGen       total 42496K, used 5718K [0x00000000c2400000, 0x00000000c4d80000, 0x00000000eb700000)
  object space 42496K, 13% used [0x00000000c2400000,0x00000000c2995950,0x00000000c4d80000)
 Metaspace       used 10640K, capacity 11034K, committed 11264K, reserved 1058816K
  class space    used 1372K, capacity 1511K, committed 1536K, reserved 1048576K
}
Event: 3.887 GC heap before
{Heap before GC invocations=8 (full 0):
 PSYoungGen      total 68608K, used 63467K [0x00000000eb700000, 0x00000000f3d00000, 0x0000000100000000)
  eden space 63488K, 99% used [0x00000000eb700000,0x00000000ef462e38,0x00000000ef500000)
  from space 5120K, 11% used [0x00000000ef500000,0x00000000ef598000,0x00000000efa00000)
  to   space 5120K, 0% used [0x00000000f3800000,0x00000000f3800000,0x00000000f3d00000)
 ParOldGen       total 42496K, used 5718K [0x00000000c2400000, 0x00000000c4d80000, 0x00000000eb700000)
  object space 42496K, 13% used [0x00000000c2400000,0x00000000c2995950,0x00000000c4d80000)
 Metaspace       used 10676K, capacity 11034K, committed 11264K, reserved 1058816K
  class space    used 1373K, capacity 1511K, committed 1536K, reserved 1048576K
Event: 3.888 GC heap after
Heap after GC invocations=8 (full 0):
 PSYoungGen      total 131584K, used 736K [0x00000000eb700000, 0x00000000f3e00000, 0x0000000100000000)
  eden space 126464K, 0% used [0x00000000eb700000,0x00000000eb700000,0x00000000f3280000)
  from space 5120K, 14% used [0x00000000f3800000,0x00000000f38b8000,0x00000000f3d00000)
  to   space 5632K, 0% used [0x00000000f3280000,0x00000000f3280000,0x00000000f3800000)
 ParOldGen       total 42496K, used 5814K [0x00000000c2400000, 0x00000000c4d80000, 0x00000000eb700000)
  object space 42496K, 13% used [0x00000000c2400000,0x00000000c29ad950,0x00000000c4d80000)
 Metaspace       used 10676K, capacity 11034K, committed 11264K, reserved 1058816K
  class space    used 1373K, capacity 1511K, committed 1536K, reserved 1048576K
}
Event: 4.760 GC heap before
{Heap before GC invocations=9 (full 0):
 PSYoungGen      total 131584K, used 127200K [0x00000000eb700000, 0x00000000f3e00000, 0x0000000100000000)
  eden space 126464K, 100% used [0x00000000eb700000,0x00000000f3280000,0x00000000f3280000)
  from space 5120K, 14% used [0x00000000f3800000,0x00000000f38b8000,0x00000000f3d00000)
  to   space 5632K, 0% used [0x00000000f3280000,0x00000000f3280000,0x00000000f3800000)
 ParOldGen       total 42496K, used 5814K [0x00000000c2400000, 0x00000000c4d80000, 0x00000000eb700000)
  object space 42496K, 13% used [0x00000000c2400000,0x00000000c29ad950,0x00000000c4d80000)
 Metaspace       used 13017K, capacity 13500K, committed 13696K, reserved 1060864K
  class space    used 1672K, capacity 1831K, committed 1920K, reserved 1048576K
Event: 4.769 GC heap after
Heap after GC invocations=9 (full 0):
 PSYoungGen      total 132096K, used 2418K [0x00000000eb700000, 0x00000000f8700000, 0x0000000100000000)
  eden space 126464K, 0% used [0x00000000eb700000,0x00000000eb700000,0x00000000f3280000)
  from space 5632K, 42% used [0x00000000f3280000,0x00000000f34dc9e0,0x00000000f3800000)
  to   space 5120K, 0% used [0x00000000f8200000,0x00000000f8200000,0x00000000f8700000)
 ParOldGen       total 42496K, used 6038K [0x00000000c2400000, 0x00000000c4d80000, 0x00000000eb700000)
  object space 42496K, 14% used [0x00000000c2400000,0x00000000c29e5950,0x00000000c4d80000)
 Metaspace       used 13017K, capacity 13500K, committed 13696K, reserved 1060864K
  class space    used 1672K, capacity 1831K, committed 1920K, reserved 1048576K
}
Event: 5.551 GC heap before
{Heap before GC invocations=10 (full 0):
 PSYoungGen      total 132096K, used 128882K [0x00000000eb700000, 0x00000000f8700000, 0x0000000100000000)
  eden space 126464K, 100% used [0x00000000eb700000,0x00000000f3280000,0x00000000f3280000)
  from space 5632K, 42% used [0x00000000f3280000,0x00000000f34dc9e0,0x00000000f3800000)
  to   space 5120K, 0% used [0x00000000f8200000,0x00000000f8200000,0x00000000f8700000)
 ParOldGen       total 42496K, used 6038K [0x00000000c2400000, 0x00000000c4d80000, 0x00000000eb700000)
  object space 42496K, 14% used [0x00000000c2400000,0x00000000c29e5950,0x00000000c4d80000)
 Metaspace       used 15254K, capacity 15838K, committed 16000K, reserved 1062912K
  class space    used 1959K, capacity 2125K, committed 2176K, reserved 1048576K
Event: 5.565 GC heap after
Heap after GC invocations=10 (full 0):
 PSYoungGen      total 202752K, used 5092K [0x00000000eb700000, 0x00000000f9100000, 0x0000000100000000)
  eden space 197632K, 0% used [0x00000000eb700000,0x00000000eb700000,0x00000000f7800000)
  from space 5120K, 99% used [0x00000000f8200000,0x00000000f86f9158,0x00000000f8700000)
  to   space 10240K, 0% used [0x00000000f7800000,0x00000000f7800000,0x00000000f8200000)
 ParOldGen       total 42496K, used 18110K [0x00000000c2400000, 0x00000000c4d80000, 0x00000000eb700000)
  object space 42496K, 42% used [0x00000000c2400000,0x00000000c35afa68,0x00000000c4d80000)
 Metaspace       used 15254K, capacity 15838K, committed 16000K, reserved 1062912K
  class space    used 1959K, capacity 2125K, committed 2176K, reserved 1048576K
}
Event: 9.382 GC heap before
{Heap before GC invocations=11 (full 0):
 PSYoungGen      total 202752K, used 202724K [0x00000000eb700000, 0x00000000f9100000, 0x0000000100000000)
  eden space 197632K, 100% used [0x00000000eb700000,0x00000000f7800000,0x00000000f7800000)
  from space 5120K, 99% used [0x00000000f8200000,0x00000000f86f9158,0x00000000f8700000)
  to   space 10240K, 0% used [0x00000000f7800000,0x00000000f7800000,0x00000000f8200000)
 ParOldGen       total 42496K, used 18110K [0x00000000c2400000, 0x00000000c4d80000, 0x00000000eb700000)
  object space 42496K, 42% used [0x00000000c2400000,0x00000000c35afa68,0x00000000c4d80000)
 Metaspace       used 15871K, capacity 16506K, committed 16768K, reserved 1064960K
  class space    used 1971K, capacity 2129K, committed 2176K, reserved 1048576K

